<?xml version="1.0" encoding="UTF-8"?>
<!-- Generated by org.testng.reporters.JUnitXMLReporter -->
<testsuite ignored="0" hostname="DESKTOP-2OQJCLO" failures="0" tests="3" name="Default test" time="61.066" errors="0" timestamp="2025-08-31T15:44:21 MST">
  <testcase classname="tests.AdminTest2" name="createAdminUser" time="34.578"/>
  <testcase classname="tests.AdminTest2" name="searchUserFunctionality" time="5.877"/>
  <testcase classname="tests.AdminTest2" name="updateUserFunctionality" time="12.243"/>
</testsuite> <!-- Default test -->
