<?xml version="1.0" encoding="UTF-8"?>
<testng-results ignored="0" total="3" passed="3" failed="0" skipped="0">
  <reporter-output>
    <line>
      <![CDATA[//span[text()='Admin'] tab clicked successfully.]]>
    </line>
    <line>
      <![CDATA[Clicked Add button]]>
    </line>
    <line>
      <![CDATA[Opened User Role dropdown]]>
    </line>
    <line>
      <![CDATA[Selected Admin role]]>
    </line>
    <line>
      <![CDATA[Entered Employee: T]]>
    </line>
    <line>
      <![CDATA[Opened Status dropdown]]>
    </line>
    <line>
      <![CDATA[Selected Enabled status]]>
    </line>
    <line>
      <![CDATA[Entered Username: UserubE9F]]>
    </line>
    <line>
      <![CDATA[Entered Password]]>
    </line>
    <line>
      <![CDATA[Entered Confirm Password]]>
    </line>
    <line>
      <![CDATA[Clicked Save]]>
    </line>
    <line>
      <![CDATA[Entered Username in search field]]>
    </line>
    <line>
      <![CDATA[Clicked on Search button]]>
    </line>
    <line>
      <![CDATA[Clicked on Edit button]]>
    </line>
    <line>
      <![CDATA[Updated Username to: UserubE9F]]>
    </line>
    <line>
      <![CDATA[Clicked on Save button after update]]>
    </line>
  </reporter-output>
  <suite started-at="2025-08-31T15:43:19 MST" name="Default suite" finished-at="2025-08-31T15:44:20 MST" duration-ms="61066">
    <groups>
      <group name="regression">
        <method signature="AdminTest2.createAdminUser()[pri:1, instance:tests.AdminTest2@49e5f737]" name="createAdminUser" class="tests.AdminTest2"/>
        <method signature="AdminTest2.updateUserFunctionality()[pri:3, instance:tests.AdminTest2@49e5f737]" name="updateUserFunctionality" class="tests.AdminTest2"/>
      </group> <!-- regression -->
      <group name="smoke">
        <method signature="AdminTest2.createAdminUser()[pri:1, instance:tests.AdminTest2@49e5f737]" name="createAdminUser" class="tests.AdminTest2"/>
        <method signature="AdminTest2.searchUserFunctionality()[pri:2, instance:tests.AdminTest2@49e5f737]" name="searchUserFunctionality" class="tests.AdminTest2"/>
      </group> <!-- smoke -->
    </groups>
    <test started-at="2025-08-31T15:43:19 MST" name="Default test" finished-at="2025-08-31T15:44:20 MST" duration-ms="61066">
      <class name="tests.AdminTest2">
        <test-method is-config="true" signature="setUp()[pri:0, instance:tests.AdminTest2@49e5f737]" started-at="2025-08-31T15:42:55 MST" name="setUp" finished-at="2025-08-31T15:43:19 MST" duration-ms="23776" status="PASS">
          <reporter-output>
          </reporter-output>
        </test-method> <!-- setUp -->
        <test-method is-config="true" signature="setUpLogin()[pri:0, instance:tests.AdminTest2@49e5f737]" started-at="2025-08-31T15:43:19 MST" name="setUpLogin" finished-at="2025-08-31T15:43:27 MST" duration-ms="7959" status="PASS">
          <reporter-output>
          </reporter-output>
        </test-method> <!-- setUpLogin -->
        <test-method is-config="true" signature="bm(java.lang.reflect.Method)[pri:0, instance:tests.AdminTest2@49e5f737]" started-at="2025-08-31T15:43:27 MST" name="bm" finished-at="2025-08-31T15:43:27 MST" duration-ms="70" status="PASS">
          <params>
            <param index="0">
              <value>
                <![CDATA[public void tests.AdminTest2.createAdminUser() throws java.lang.Exception]]>
              </value>
            </param>
          </params>
          <reporter-output>
          </reporter-output>
        </test-method> <!-- bm -->
        <test-method signature="createAdminUser()[pri:1, instance:tests.AdminTest2@49e5f737]" started-at="2025-08-31T15:43:27 MST" name="createAdminUser" finished-at="2025-08-31T15:44:02 MST" duration-ms="34578" status="PASS">
          <reporter-output>
            <line>
              <![CDATA[//span[text()='Admin'] tab clicked successfully.]]>
            </line>
            <line>
              <![CDATA[Clicked Add button]]>
            </line>
            <line>
              <![CDATA[Opened User Role dropdown]]>
            </line>
            <line>
              <![CDATA[Selected Admin role]]>
            </line>
            <line>
              <![CDATA[Entered Employee: T]]>
            </line>
            <line>
              <![CDATA[Opened Status dropdown]]>
            </line>
            <line>
              <![CDATA[Selected Enabled status]]>
            </line>
            <line>
              <![CDATA[Entered Username: UserubE9F]]>
            </line>
            <line>
              <![CDATA[Entered Password]]>
            </line>
            <line>
              <![CDATA[Entered Confirm Password]]>
            </line>
            <line>
              <![CDATA[Clicked Save]]>
            </line>
          </reporter-output>
        </test-method> <!-- createAdminUser -->
        <test-method is-config="true" signature="captureScreenshot(org.testng.ITestResult)[pri:0, instance:tests.AdminTest2@49e5f737]" started-at="2025-08-31T15:44:02 MST" name="captureScreenshot" finished-at="2025-08-31T15:44:02 MST" duration-ms="2" status="PASS">
          <params>
            <param index="0">
              <value>
                <![CDATA[[TestResult name=createAdminUser status=SUCCESS method=AdminTest2.createAdminUser()[pri:1, instance:tests.AdminTest2@49e5f737] output=//span[text()='Admin'] tab clicked successfully.]]]>
              </value>
            </param>
          </params>
          <reporter-output>
          </reporter-output>
        </test-method> <!-- captureScreenshot -->
        <test-method is-config="true" signature="bm(java.lang.reflect.Method)[pri:0, instance:tests.AdminTest2@49e5f737]" started-at="2025-08-31T15:44:02 MST" name="bm" finished-at="2025-08-31T15:44:02 MST" duration-ms="1" status="PASS">
          <params>
            <param index="0">
              <value>
                <![CDATA[public void tests.AdminTest2.searchUserFunctionality() throws java.lang.Exception]]>
              </value>
            </param>
          </params>
          <reporter-output>
          </reporter-output>
        </test-method> <!-- bm -->
        <test-method signature="searchUserFunctionality()[pri:2, instance:tests.AdminTest2@49e5f737]" started-at="2025-08-31T15:44:02 MST" name="searchUserFunctionality" finished-at="2025-08-31T15:44:08 MST" duration-ms="5877" status="PASS">
          <reporter-output>
            <line>
              <![CDATA[Entered Username in search field]]>
            </line>
            <line>
              <![CDATA[Clicked on Search button]]>
            </line>
          </reporter-output>
        </test-method> <!-- searchUserFunctionality -->
        <test-method is-config="true" signature="captureScreenshot(org.testng.ITestResult)[pri:0, instance:tests.AdminTest2@49e5f737]" started-at="2025-08-31T15:44:08 MST" name="captureScreenshot" finished-at="2025-08-31T15:44:08 MST" duration-ms="2" status="PASS">
          <params>
            <param index="0">
              <value>
                <![CDATA[[TestResult name=searchUserFunctionality status=SUCCESS method=AdminTest2.searchUserFunctionality()[pri:2, instance:tests.AdminTest2@49e5f737] output=Entered Username in search field]]]>
              </value>
            </param>
          </params>
          <reporter-output>
          </reporter-output>
        </test-method> <!-- captureScreenshot -->
        <test-method is-config="true" signature="bm(java.lang.reflect.Method)[pri:0, instance:tests.AdminTest2@49e5f737]" started-at="2025-08-31T15:44:08 MST" name="bm" finished-at="2025-08-31T15:44:08 MST" duration-ms="5" status="PASS">
          <params>
            <param index="0">
              <value>
                <![CDATA[public void tests.AdminTest2.updateUserFunctionality() throws java.lang.Exception]]>
              </value>
            </param>
          </params>
          <reporter-output>
          </reporter-output>
        </test-method> <!-- bm -->
        <test-method signature="updateUserFunctionality()[pri:3, instance:tests.AdminTest2@49e5f737]" started-at="2025-08-31T15:44:08 MST" name="updateUserFunctionality" finished-at="2025-08-31T15:44:20 MST" duration-ms="12243" status="PASS">
          <reporter-output>
            <line>
              <![CDATA[Clicked on Edit button]]>
            </line>
            <line>
              <![CDATA[Updated Username to: UserubE9F]]>
            </line>
            <line>
              <![CDATA[Clicked on Save button after update]]>
            </line>
          </reporter-output>
        </test-method> <!-- updateUserFunctionality -->
        <test-method is-config="true" signature="captureScreenshot(org.testng.ITestResult)[pri:0, instance:tests.AdminTest2@49e5f737]" started-at="2025-08-31T15:44:20 MST" name="captureScreenshot" finished-at="2025-08-31T15:44:20 MST" duration-ms="3" status="PASS">
          <params>
            <param index="0">
              <value>
                <![CDATA[[TestResult name=updateUserFunctionality status=SUCCESS method=AdminTest2.updateUserFunctionality()[pri:3, instance:tests.AdminTest2@49e5f737] output=Clicked on Edit button]]]>
              </value>
            </param>
          </params>
          <reporter-output>
          </reporter-output>
        </test-method> <!-- captureScreenshot -->
        <test-method is-config="true" signature="close()[pri:0, instance:tests.AdminTest2@49e5f737]" started-at="2025-08-31T15:44:21 MST" name="close" finished-at="2025-08-31T15:44:27 MST" duration-ms="6081" status="PASS">
          <reporter-output>
          </reporter-output>
        </test-method> <!-- close -->
      </class> <!-- tests.AdminTest2 -->
    </test> <!-- Default test -->
  </suite> <!-- Default suite -->
</testng-results>
